Arguments: 
  C:\web\nodejs\node.exe C:\Users\linj06\AppData\Roaming\npm\node_modules\yarn\bin\yarn.js add --force node-sass

PATH: 
  C:\web\Git\mingw64\bin;C:\web\Git\usr\bin;C:\Users\linj06\bin;D:\software\NetSarang\Xftp 6;D:\software\NetSarang\Xshell 6;C:\Windows\system32;C:\Windows;C:\Windows\System32\Wbem;C:\Windows\System32\WindowsPowerShell\v1.0;C:\Program Files (x86)\Microsoft SQL Server\100\Tools\Binn;C:\Program Files\Microsoft SQL Server\100\Tools\Binn;C:\Program Files\Microsoft SQL Server\100\DTS\Binn;C:\Program Files (x86)\Microsoft SQL Server\100\Tools\Binn\VSShell\Common7\IDE;C:\Program Files (x86)\Microsoft Visual Studio 9.0\Common7\IDE\PrivateAssemblies;C:\Program Files (x86)\Microsoft SQL Server\100\DTS\Binn;C:\Program Files\Microsoft SQL Server\110\DTS\Binn;C:\Program Files (x86)\Microsoft SQL Server\110\Tools\Binn;C:\Program Files\Microsoft SQL Server\110\Tools\Binn;C:\Program Files (x86)\Microsoft SQL Server\110\Tools\Binn\ManagementStudio;C:\Program Files (x86)\Microsoft Visual Studio 10.0\Common7\IDE\PrivateAssemblies;C:\Program Files (x86)\Microsoft SQL Server\110\DTS\Binn;C:\Program Files\Microsoft SQL Server\120\DTS\Binn;C:\Program Files\Microsoft SQL Server\Client SDK\ODBC\110\Tools\Binn;C:\Program Files (x86)\Microsoft SQL Server\120\Tools\Binn;C:\Program Files\Microsoft SQL Server\120\Tools\Binn;C:\Program Files (x86)\Microsoft SQL Server\120\Tools\Binn\ManagementStudio;C:\Program Files (x86)\Microsoft SQL Server\120\DTS\Binn;C:\Program Files (x86)\Microsoft SQL Server\90\Tools\binn;C:\Program Files (x86)\Microsoft Team Foundation Server 2010 Power Tools;C:\Program Files (x86)\Microsoft Team Foundation Server 2010 Power Tools\Best Practices Analyzer;C:\Users\linj06\.dnx\bin;C:\Program Files\Microsoft DNX\Dnvm;C:\Program Files\Microsoft SQL Server\130\Tools\Binn;C:\web\Git\cmd;C:\web\TortoiseSVN\bin;C:\web\nodejs;C:\Users\linj06\AppData\Local\Microsoft\WindowsApps;C:\web\Microsoft VS Code\bin;C:\Users\linj06\AppData\Roaming\npm;C:\web\caddy

Yarn version: 
  1.21.1

Node version: 
  12.13.1

Platform: 
  win32 x64

Trace: 
  Error: connect ETIMEDOUT 104.16.24.35:443
      at TCPConnectWrap.afterConnect [as oncomplete] (net.js:1129:14)

npm manifest: 
  {
    "name": "rfv-loading",
    "version": "1.2.2",
    "description": "Extendable file viewer for web",
    "main": "dist/index.js",
    "module": "dist/index.js",
    "repository": {
      "type": "git",
      "url": "git+https://github.com/plangrid/react-file-viewer.git"
    },
    "scripts": {
      "dev": "webpack -d --watch",
      "build": "webpack -p --progress",
      "start": "node ./scripts/start.js",
      "lint": "node_modules/.bin/eslint ./src/**/*.jsx",
      "test": "node_modules/.bin/jest --env=jsdom --watch",
      "jest": "node_modules/.bin/jest --env=jsdom",
      "tag-and-publish": "node ./scripts/publish.js"
    },
    "author": "Jam <https://github.com/jamln>",
    "contributors": [
      {
        "name": "Alexei Schiopu",
        "email": "alexxschiopu@gmail.com",
        "url": "http://schiopu.me"
      },
      {
        "name": "Aaron Norby",
        "email": "aaron.norby@gmail.com"
      },
      {
        "name": "Viktoriya Savkina",
        "email": "viktoriya.savkina@gmail.com"
      }
    ],
    "license": "MIT",
    "bugs": {
      "url": "https://github.com/plangrid/react-file-viewer/issues"
    },
    "homepage": "https://github.com/plangrid/react-file-viewer#readme",
    "devDependencies": {
      "autoprefixer": "^7.1.0",
      "babel-core": "^6.24.1",
      "babel-jest": "^20.0.3",
      "babel-loader": "^7.0.0",
      "babel-plugin-transform-class-properties": "^6.19.0",
      "babel-plugin-transform-es2015-classes": "^6.18.0",
      "babel-plugin-transform-es2015-object-super": "^6.6.5",
      "babel-plugin-transform-runtime": "6.23.0",
      "babel-preset-es2015": "^6.24.1",
      "babel-preset-react": "^6.24.1",
      "babel-preset-stage-0": "6.5.0",
      "babel-runtime": "^6.20.0",
      "chalk": "^1.1.3",
      "css-loader": "^0.28.1",
      "enzyme": "^3.8.0",
      "enzyme-adapter-react-16": "^1.7.1",
      "eslint": "^3.19.0",
      "eslint-config-airbnb": "^15.0.1",
      "eslint-import-resolver-webpack": "^0.8.1",
      "eslint-loader": "^1.7.1",
      "eslint-plugin-import": "^2.2.0",
      "eslint-plugin-jsx-a11y": "^5.0.3",
      "eslint-plugin-react": "^7.0.1",
      "file-loader": "^0.11.1",
      "html-webpack-plugin": "^2.28.0",
      "inquirer": "^3.0.6",
      "jest": "^23.6.0",
      "node-sass": "^4.5.3",
      "postcss-loader": "^2.0.5",
      "react": "^16.6.3",
      "react-dom": "^16.6.3",
      "react-test-renderer": "^16.6.3",
      "sass-loader": "^6.0.5",
      "style-loader": "^0.17.0",
      "url-loader": "^0.5.8",
      "webpack": "^2.5.1",
      "webpack-dev-server": "^2.4.5"
    },
    "dependencies": {
      "comma-separated-values": "^3.6.4",
      "mammoth": "1.3.6",
      "pdfjs-dist": "1.8.357",
      "prop-types": "^15.5.10",
      "react-data-grid": "^5.0.5",
      "react-visibility-sensor": "^5.0.2",
      "three": "0.85.2",
      "xlsx": "^0.10.1"
    },
    "peerDependencies": {
      "react": "^16.6.3",
      "react-dom": "^16.6.3"
    },
    "jest": {
      "testPathIgnorePatterns": [
        "<rootDir>[/\\\\](build|node_modules|scripts|example_files)[/\\\\]"
      ],
      "testEnvironment": "node",
      "transform": {
        "^.+\\.(js|jsx)$": "<rootDir>/node_modules/babel-jest",
        "^.+\\.(css|scss)$": "<rootDir>/config/jest/cssTransform.js",
        "^(?!.*\\.(js|jsx|css|json)$)": "<rootDir>/config/jest/fileTransform.js"
      },
      "transformIgnorePatterns": [
        "[/\\\\]node_modules[/\\\\].+\\.(js|jsx)$"
      ],
      "moduleDirectories": [
        "src",
        "node_modules"
      ],
      "setupTestFrameworkScriptFile": "<rootDir>/tests/setupTests.js"
    },
    "eslintConfig": {
      "extends": "airbnb",
      "plugins": [
        "import"
      ],
      "settings": {
        "import/resolver": {
          "webpack": "webpack.config.js"
        }
      }
    }
  }

yarn manifest: 
  No manifest

Lockfile: 
  No lockfile
